<?xml version="1.0" encoding="UTF-8"?>
<!-- Generated by org.testng.reporters.JUnitReportReporter -->
<testsuite hostname="aa067ceabc1d" failures="0" tests="11" name="com.vinsguru.tests.vendorportal.VendorPortalTest" time="365.869" errors="3" timestamp="2025-04-11T09:42:15 GMT" skipped="8">
  <testcase classname="com.vinsguru.tests.vendorportal.VendorPortalTest" name="setDriver" time="180.432">
    <error message="Could not start a new session. Possible causes are invalid address of the remote server or browser start-up failure. 
Host info: host: &#039;aa067ceabc1d&#039;, ip: &#039;172.17.0.2&#039;" type="org.openqa.selenium.SessionNotCreatedException">
      <![CDATA[org.openqa.selenium.SessionNotCreatedException: Could not start a new session. Possible causes are invalid address of the remote server or browser start-up failure. 
Host info: host: 'aa067ceabc1d', ip: '172.17.0.2'
at org.openqa.selenium.remote.RemoteWebDriver.execute(RemoteWebDriver.java:563)
at org.openqa.selenium.remote.RemoteWebDriver.startSession(RemoteWebDriver.java:245)
at org.openqa.selenium.remote.RemoteWebDriver.<init>(RemoteWebDriver.java:174)
at org.openqa.selenium.remote.RemoteWebDriver.<init>(RemoteWebDriver.java:152)
at com.vinsguru.tests.AbstractTest.getRemoteDriver(AbstractTest.java:62)
at com.vinsguru.tests.AbstractTest.setDriver(AbstractTest.java:44)
at java.base/jdk.internal.reflect.DirectMethodHandleAccessor.invoke(DirectMethodHandleAccessor.java:104)
at java.base/java.lang.reflect.Method.invoke(Method.java:565)
at org.testng.internal.invokers.MethodInvocationHelper.invokeMethod(MethodInvocationHelper.java:141)
at org.testng.internal.invokers.MethodInvocationHelper.invokeMethodConsideringTimeout(MethodInvocationHelper.java:71)
at org.testng.internal.invokers.ConfigInvoker.invokeConfigurationMethod(ConfigInvoker.java:400)
at org.testng.internal.invokers.ConfigInvoker.invokeConfigurations(ConfigInvoker.java:333)
at org.testng.TestRunner.invokeTestConfigurations(TestRunner.java:655)
at org.testng.TestRunner.beforeRun(TestRunner.java:644)
at org.testng.TestRunner.run(TestRunner.java:610)
at org.testng.SuiteRunner.runTest(SuiteRunner.java:421)
at org.testng.SuiteRunner$SuiteWorker.run(SuiteRunner.java:463)
at org.testng.internal.thread.ThreadUtil.lambda$execute$0(ThreadUtil.java:64)
at java.base/java.util.concurrent.FutureTask.run(FutureTask.java:328)
at java.base/java.util.concurrent.ThreadPoolExecutor.runWorker(ThreadPoolExecutor.java:1095)
at java.base/java.util.concurrent.ThreadPoolExecutor$Worker.run(ThreadPoolExecutor.java:619)
at java.base/java.lang.Thread.run(Thread.java:1447)
Caused by: org.openqa.selenium.TimeoutException: java.util.concurrent.TimeoutException
Build info: version: '4.27.0', revision: 'd6e718d134'
System info: os.name: 'Linux', os.arch: 'amd64', os.version: '5.15.167.4-microsoft-standard-WSL2', java.version: '24'
Driver info: driver.version: RemoteWebDriver
at org.openqa.selenium.remote.http.jdk.JdkHttpClient.execute(JdkHttpClient.java:423)
at org.openqa.selenium.remote.tracing.TracedHttpClient.execute(TracedHttpClient.java:54)
at org.openqa.selenium.remote.ProtocolHandshake.createSession(ProtocolHandshake.java:89)
at org.openqa.selenium.remote.ProtocolHandshake.createSession(ProtocolHandshake.java:75)
at org.openqa.selenium.remote.ProtocolHandshake.createSession(ProtocolHandshake.java:61)
at org.openqa.selenium.remote.HttpCommandExecutor.execute(HttpCommandExecutor.java:162)
at org.openqa.selenium.remote.TracedCommandExecutor.execute(TracedCommandExecutor.java:53)
at org.openqa.selenium.remote.RemoteWebDriver.execute(RemoteWebDriver.java:545)
... 21 more
Caused by: java.util.concurrent.TimeoutException
at java.base/java.util.concurrent.CompletableFuture$Timeout.run(CompletableFuture.java:2990)
at java.base/java.util.concurrent.Executors$RunnableAdapter.call(Executors.java:545)
at java.base/java.util.concurrent.FutureTask.run(FutureTask.java:328)
at java.base/java.util.concurrent.ScheduledThreadPoolExecutor$ScheduledFutureTask.run(ScheduledThreadPoolExecutor.java:309)
... 3 more
]]>
    </error>
  </testcase> <!-- setDriver -->
  <testcase classname="com.vinsguru.tests.vendorportal.VendorPortalTest" name="loginTest" time="0.000">
    <skipped/>
  </testcase> <!-- loginTest -->
  <testcase classname="com.vinsguru.tests.vendorportal.VendorPortalTest" name="dashboardTest" time="0.001">
    <skipped/>
  </testcase> <!-- dashboardTest -->
  <testcase classname="com.vinsguru.tests.vendorportal.VendorPortalTest" name="dashboardTest" time="5.000">
    <skipped/>
  </testcase> <!-- dashboardTest -->
  <testcase classname="com.vinsguru.tests.vendorportal.VendorPortalTest" name="loginTest" time="0.000">
    <skipped/>
  </testcase> <!-- loginTest -->
  <testcase classname="com.vinsguru.tests.vendorportal.VendorPortalTest" name="dashboardTest" time="0.001">
    <skipped/>
  </testcase> <!-- dashboardTest -->
  <testcase classname="com.vinsguru.tests.vendorportal.VendorPortalTest" name="logoutTest" time="0.000">
    <skipped/>
  </testcase> <!-- logoutTest -->
  <testcase classname="com.vinsguru.tests.vendorportal.VendorPortalTest" name="logoutTest" time="0.000">
    <skipped/>
  </testcase> <!-- logoutTest -->
  <testcase classname="com.vinsguru.tests.vendorportal.VendorPortalTest" name="setDriver" time="180.432">
    <error message="Could not start a new session. Possible causes are invalid address of the remote server or browser start-up failure. 
Host info: host: &#039;aa067ceabc1d&#039;, ip: &#039;172.17.0.2&#039;" type="org.openqa.selenium.SessionNotCreatedException">
      <![CDATA[org.openqa.selenium.SessionNotCreatedException: Could not start a new session. Possible causes are invalid address of the remote server or browser start-up failure. 
Host info: host: 'aa067ceabc1d', ip: '172.17.0.2'
at org.openqa.selenium.remote.RemoteWebDriver.execute(RemoteWebDriver.java:563)
at org.openqa.selenium.remote.RemoteWebDriver.startSession(RemoteWebDriver.java:245)
at org.openqa.selenium.remote.RemoteWebDriver.<init>(RemoteWebDriver.java:174)
at org.openqa.selenium.remote.RemoteWebDriver.<init>(RemoteWebDriver.java:152)
at com.vinsguru.tests.AbstractTest.getRemoteDriver(AbstractTest.java:62)
at com.vinsguru.tests.AbstractTest.setDriver(AbstractTest.java:44)
at java.base/jdk.internal.reflect.DirectMethodHandleAccessor.invoke(DirectMethodHandleAccessor.java:104)
at java.base/java.lang.reflect.Method.invoke(Method.java:565)
at org.testng.internal.invokers.MethodInvocationHelper.invokeMethod(MethodInvocationHelper.java:141)
at org.testng.internal.invokers.MethodInvocationHelper.invokeMethodConsideringTimeout(MethodInvocationHelper.java:71)
at org.testng.internal.invokers.ConfigInvoker.invokeConfigurationMethod(ConfigInvoker.java:400)
at org.testng.internal.invokers.ConfigInvoker.invokeConfigurations(ConfigInvoker.java:333)
at org.testng.TestRunner.invokeTestConfigurations(TestRunner.java:655)
at org.testng.TestRunner.beforeRun(TestRunner.java:644)
at org.testng.TestRunner.run(TestRunner.java:610)
at org.testng.SuiteRunner.runTest(SuiteRunner.java:421)
at org.testng.SuiteRunner$SuiteWorker.run(SuiteRunner.java:463)
at org.testng.internal.thread.ThreadUtil.lambda$execute$0(ThreadUtil.java:64)
at java.base/java.util.concurrent.FutureTask.run(FutureTask.java:328)
at java.base/java.util.concurrent.ThreadPoolExecutor.runWorker(ThreadPoolExecutor.java:1095)
at java.base/java.util.concurrent.ThreadPoolExecutor$Worker.run(ThreadPoolExecutor.java:619)
at java.base/java.lang.Thread.run(Thread.java:1447)
Caused by: org.openqa.selenium.TimeoutException: java.util.concurrent.TimeoutException
Build info: version: '4.27.0', revision: 'd6e718d134'
System info: os.name: 'Linux', os.arch: 'amd64', os.version: '5.15.167.4-microsoft-standard-WSL2', java.version: '24'
Driver info: driver.version: RemoteWebDriver
at org.openqa.selenium.remote.http.jdk.JdkHttpClient.execute(JdkHttpClient.java:423)
at org.openqa.selenium.remote.tracing.TracedHttpClient.execute(TracedHttpClient.java:54)
at org.openqa.selenium.remote.ProtocolHandshake.createSession(ProtocolHandshake.java:89)
at org.openqa.selenium.remote.ProtocolHandshake.createSession(ProtocolHandshake.java:75)
at org.openqa.selenium.remote.ProtocolHandshake.createSession(ProtocolHandshake.java:61)
at org.openqa.selenium.remote.HttpCommandExecutor.execute(HttpCommandExecutor.java:162)
at org.openqa.selenium.remote.TracedCommandExecutor.execute(TracedCommandExecutor.java:53)
at org.openqa.selenium.remote.RemoteWebDriver.execute(RemoteWebDriver.java:545)
... 21 more
Caused by: java.util.concurrent.TimeoutException
at java.base/java.util.concurrent.CompletableFuture$Timeout.run(CompletableFuture.java:2990)
at java.base/java.util.concurrent.Executors$RunnableAdapter.call(Executors.java:545)
at java.base/java.util.concurrent.FutureTask.run(FutureTask.java:328)
at java.base/java.util.concurrent.ScheduledThreadPoolExecutor$ScheduledFutureTask.run(ScheduledThreadPoolExecutor.java:309)
... 3 more
]]>
    </error>
  </testcase> <!-- setDriver -->
  <testcase classname="com.vinsguru.tests.vendorportal.VendorPortalTest" name="loginTest" time="0.003">
    <error type="java.lang.NullPointerException">
      <![CDATA[java.lang.NullPointerException
at java.base/java.util.Objects.requireNonNull(Objects.java:220)
at java.base/java.util.ImmutableCollections$Map1.<init>(ImmutableCollections.java:1114)
at java.base/java.util.Map.of(Map.java:1364)
at org.openqa.selenium.remote.DriverCommand.GET(DriverCommand.java:180)
at org.openqa.selenium.remote.RemoteWebDriver.get(RemoteWebDriver.java:313)
at com.vinsguru.vendorportal.LoginPage.goTo(LoginPage.java:32)
at com.vinsguru.tests.vendorportal.VendorPortalTest.loginTest(VendorPortalTest.java:39)
at java.base/jdk.internal.reflect.DirectMethodHandleAccessor.invoke(DirectMethodHandleAccessor.java:104)
at java.base/java.lang.reflect.Method.invoke(Method.java:565)
at org.testng.internal.invokers.MethodInvocationHelper.invokeMethod(MethodInvocationHelper.java:141)
at org.testng.internal.invokers.TestInvoker.invokeMethod(TestInvoker.java:686)
at org.testng.internal.invokers.TestInvoker.invokeTestMethod(TestInvoker.java:230)
at org.testng.internal.invokers.MethodRunner.runInSequence(MethodRunner.java:63)
at org.testng.internal.invokers.TestInvoker$MethodInvocationAgent.invoke(TestInvoker.java:992)
at org.testng.internal.invokers.TestInvoker.invokeTestMethods(TestInvoker.java:203)
at org.testng.internal.invokers.TestMethodWorker.invokeTestMethods(TestMethodWorker.java:154)
at org.testng.internal.invokers.TestMethodWorker.run(TestMethodWorker.java:134)
at java.base/java.util.ArrayList.forEach(ArrayList.java:1604)
at org.testng.TestRunner.privateRun(TestRunner.java:739)
at org.testng.TestRunner.run(TestRunner.java:614)
at org.testng.SuiteRunner.runTest(SuiteRunner.java:421)
at org.testng.SuiteRunner$SuiteWorker.run(SuiteRunner.java:463)
at org.testng.internal.thread.ThreadUtil.lambda$execute$0(ThreadUtil.java:64)
at java.base/java.util.concurrent.FutureTask.run(FutureTask.java:328)
at java.base/java.util.concurrent.ThreadPoolExecutor.runWorker(ThreadPoolExecutor.java:1095)
at java.base/java.util.concurrent.ThreadPoolExecutor$Worker.run(ThreadPoolExecutor.java:619)
at java.base/java.lang.Thread.run(Thread.java:1447)
]]>
    </error>
    <system-out>
      <![CDATA[<img width=700px src='data:image/png;base64,iVBORw0KGgoAAAANSUhEUgAAA6kAAAN/CAIAAACz2gnWAAAAAXNSR0IArs4c6QAAAANzQklUCAgI2+FP4AAAEShJREFUeJzt1jEBACAMwDDAv+fhAo4mCnp2z8wCAICA8zsAAAAe8b4AAFR4XwAAKrwvAAAV3hcAgArvCwBAhfcFAKDC+wIAUOF9AQCo8L4AAFR4XwAAKrwvAAAV3hcAgArvCwBAhfcFAKDC+wIAUOF9AQCo8L4AAFR4XwAAKrwvAAAV3hcAgArvCwBAhfcFAKDC+wIAUOF9AQCo8L4AAFR4XwAAKrwvAAAV3hcAgArvCwBAhfcFAKDC+wIAUOF9AQCo8L4AAFR4XwAAKrwvAAAV3hcAgArvCwBAhfcFAKDC+wIAUOF9AQCo8L4AAFR4XwAAKrwvAAAV3hcAgArvCwBAhfcFAKDC+wIAUOF9AQCo8L4AAFR4XwAAKrwvAAAV3hcAgArvCwBAhfcFAKDC+wIAUOF9AQCo8L4AAFR4XwAAKrwvAAAV3hcAgArvCwBAhfcFAKDC+wIAUOF9AQCo8L4AAFR4XwAAKrwvAAAV3hcAgArvCwBAhfcFAKDC+wIAUOF9AQCo8L4AAFR4XwAAKrwvAAAV3hcAgArvCwBAhfcFAKDC+wIAUOF9AQCo8L4AAFR4XwAAKrwvAAAV3hcAgArvCwBAhfcFAKDC+wIAUOF9AQCo8L4AAFR4XwAAKrwvAAAV3hcAgArvCwBAhfcFAKDC+wIAUOF9AQCo8L4AAFR4XwAAKrwvAAAV3hcAgArvCwBAhfcFAKDC+wIAUOF9AQCo8L4AAFR4XwAAKrwvAAAV3hcAgArvCwBAhfcFAKDC+wIAUOF9AQCo8L4AAFR4XwAAKrwvAAAV3hcAgArvCwBAhfcFAKDC+wIAUOF9AQCo8L4AAFR4XwAAKrwvAAAV3hcAgArvCwBAhfcFAKDC+wIAUOF9AQCo8L4AAFR4XwAAKrwvAAAV3hcAgArvCwBAhfcFAKDC+wIAUOF9AQCo8L4AAFR4XwAAKrwvAAAV3hcAgArvCwBAhfcFAKDC+wIAUOF9AQCo8L4AAFR4XwAAKrwvAAAV3hcAgArvCwBAhfcFAKDC+wIAUOF9AQCo8L4AAFR4XwAAKrwvAAAV3hcAgArvCwBAhfcFAKDC+wIAUOF9AQCo8L4AAFR4XwAAKrwvAAAV3hcAgArvCwBAhfcFAKDC+wIAUOF9AQCo8L4AAFR4XwAAKrwvAAAV3hcAgArvCwBAhfcFAKDC+wIAUOF9AQCo8L4AAFR4XwAAKrwvAAAV3hcAgArvCwBAhfcFAKDC+wIAUOF9AQCo8L4AAFR4XwAAKrwvAAAV3hcAgArvCwBAhfcFAKDC+wIAUOF9AQCo8L4AAFR4XwAAKrwvAAAV3hcAgArvCwBAhfcFAKDC+wIAUOF9AQCo8L4AAFR4XwAAKrwvAAAV3hcAgArvCwBAhfcFAKDC+wIAUOF9AQCo8L4AAFR4XwAAKrwvAAAV3hcAgArvCwBAhfcFAKDC+wIAUOF9AQCo8L4AAFR4XwAAKrwvAAAV3hcAgArvCwBAhfcFAKDC+wIAUOF9AQCo8L4AAFR4XwAAKrwvAAAV3hcAgArvCwBAhfcFAKDC+wIAUOF9AQCo8L4AAFR4XwAAKrwvAAAV3hcAgArvCwBAhfcFAKDC+wIAUOF9AQCo8L4AAFR4XwAAKrwvAAAV3hcAgArvCwBAhfcFAKDC+wIAUOF9AQCo8L4AAFR4XwAAKrwvAAAV3hcAgArvCwBAhfcFAKDC+wIAUOF9AQCo8L4AAFR4XwAAKrwvAAAV3hcAgArvCwBAhfcFAKDC+wIAUOF9AQCo8L4AAFR4XwAAKrwvAAAV3hcAgArvCwBAhfcFAKDC+wIAUOF9AQCo8L4AAFR4XwAAKrwvAAAV3hcAgArvCwBAhfcFAKDC+wIAUOF9AQCo8L4AAFR4XwAAKrwvAAAV3hcAgArvCwBAhfcFAKDC+wIAUOF9AQCo8L4AAFR4XwAAKrwvAAAV3hcAgArvCwBAhfcFAKDC+wIAUOF9AQCo8L4AAFR4XwAAKrwvAAAV3hcAgArvCwBAhfcFAKDC+wIAUOF9AQCo8L4AAFR4XwAAKrwvAAAV3hcAgArvCwBAhfcFAKDC+wIAUOF9AQCo8L4AAFR4XwAAKrwvAAAV3hcAgArvCwBAhfcFAKDC+wIAUOF9AQCo8L4AAFR4XwAAKrwvAAAV3hcAgArvCwBAhfcFAKDC+wIAUOF9AQCo8L4AAFR4XwAAKrwvAAAV3hcAgArvCwBAhfcFAKDC+wIAUOF9AQCo8L4AAFR4XwAAKrwvAAAV3hcAgArvCwBAhfcFAKDC+wIAUOF9AQCo8L4AAFR4XwAAKrwvAAAV3hcAgArvCwBAhfcFAKDC+wIAUOF9AQCo8L4AAFR4XwAAKrwvAAAV3hcAgArvCwBAhfcFAKDC+wIAUOF9AQCo8L4AAFR4XwAAKrwvAAAV3hcAgArvCwBAhfcFAKDC+wIAUOF9AQCo8L4AAFR4XwAAKrwvAAAV3hcAgArvCwBAhfcFAKDC+wIAUOF9AQCo8L4AAFR4XwAAKrwvAAAV3hcAgArvCwBAhfcFAKDC+wIAUOF9AQCo8L4AAFR4XwAAKrwvAAAV3hcAgArvCwBAhfcFAKDC+wIAUOF9AQCo8L4AAFR4XwAAKrwvAAAV3hcAgArvCwBAhfcFAKDC+wIAUOF9AQCo8L4AAFR4XwAAKrwvAAAV3hcAgArvCwBAhfcFAKDC+wIAUOF9AQCo8L4AAFR4XwAAKrwvAAAV3hcAgArvCwBAhfcFAKDC+wIAUOF9AQCo8L4AAFR4XwAAKrwvAAAV3hcAgArvCwBAhfcFAKDC+wIAUOF9AQCo8L4AAFR4XwAAKrwvAAAV3hcAgArvCwBAhfcFAKDC+wIAUOF9AQCo8L4AAFR4XwAAKrwvAAAV3hcAgArvCwBAhfcFAKDC+wIAUOF9AQCo8L4AAFR4XwAAKrwvAAAV3hcAgArvCwBAhfcFAKDC+wIAUOF9AQCo8L4AAFR4XwAAKrwvAAAV3hcAgArvCwBAhfcFAKDC+wIAUOF9AQCo8L4AAFR4XwAAKrwvAAAV3hcAgArvCwBAhfcFAKDC+wIAUOF9AQCo8L4AAFR4XwAAKrwvAAAV3hcAgArvCwBAhfcFAKDC+wIAUOF9AQCo8L4AAFR4XwAAKrwvAAAV3hcAgArvCwBAhfcFAKDC+wIAUOF9AQCo8L4AAFR4XwAAKrwvAAAV3hcAgArvCwBAhfcFAKDC+wIAUOF9AQCo8L4AAFR4XwAAKrwvAAAV3hcAgArvCwBAhfcFAKDC+wIAUOF9AQCo8L4AAFR4XwAAKrwvAAAV3hcAgArvCwBAhfcFAKDC+wIAUOF9AQCo8L4AAFR4XwAAKrwvAAAV3hcAgArvCwBAhfcFAKDC+wIAUOF9AQCo8L4AAFR4XwAAKrwvAAAV3hcAgArvCwBAhfcFAKDC+wIAUOF9AQCo8L4AAFR4XwAAKrwvAAAV3hcAgArvCwBAhfcFAKDC+wIAUOF9AQCo8L4AAFR4XwAAKrwvAAAV3hcAgArvCwBAhfcFAKDC+wIAUOF9AQCo8L4AAFR4XwAAKrwvAAAV3hcAgArvCwBAhfcFAKDC+wIAUOF9AQCo8L4AAFR4XwAAKrwvAAAV3hcAgArvCwBAhfcFAKDC+wIAUOF9AQCo8L4AAFR4XwAAKrwvAAAV3hcAgArvCwBAhfcFAKDC+wIAUOF9AQCo8L4AAFR4XwAAKrwvAAAV3hcAgArvCwBAhfcFAKDC+wIAUOF9AQCo8L4AAFR4XwAAKrwvAAAV3hcAgArvCwBAhfcFAKDC+wIAUOF9AQCo8L4AAFR4XwAAKrwvAAAV3hcAgArvCwBAhfcFAKDC+wIAUOF9AQCo8L4AAFR4XwAAKrwvAAAV3hcAgArvCwBAhfcFAKDC+wIAUOF9AQCo8L4AAFR4XwAAKrwvAAAV3hcAgArvCwBAhfcFAKDC+wIAUOF9AQCo8L4AAFR4XwAAKrwvAAAV3hcAgArvCwBAhfcFAKDC+wIAUOF9AQCo8L4AAFR4XwAAKrwvAAAV3hcAgArvCwBAhfcFAKDC+wIAUOF9AQCo8L4AAFR4XwAAKrwvAAAV3hcAgArvCwBAhfcFAKDC+wIAUOF9AQCo8L4AAFR4XwAAKrwvAAAV3hcAgArvCwBAhfcFAKDC+wIAUOF9AQCo8L4AAFR4XwAAKrwvAAAV3hcAgArvCwBAhfcFAKDC+wIAUOF9AQCo8L4AAFR4XwAAKrwvAAAV3hcAgArvCwBAhfcFAKDC+wIAUOF9AQCo8L4AAFR4XwAAKrwvAAAV3hcAgArvCwBAhfcFAKDC+wIAUOF9AQCo8L4AAFR4XwAAKrwvAAAV3hcAgArvCwBAhfcFAKDC+wIAUOF9AQCo8L4AAFR4XwAAKrwvAAAV3hcAgArvCwBAhfcFAKDC+wIAUOF9AQCo8L4AAFR4XwAAKrwvAAAV3hcAgArvCwBAhfcFAKDC+wIAUOF9AQCo8L4AAFR4XwAAKrwvAAAV3hcAgArvCwBAhfcFAKDC+wIAUOF9AQCo8L4AAFR4XwAAKrwvAAAV3hcAgArvCwBAhfcFAKDC+wIAUOF9AQCo8L4AAFR4XwAAKrwvAAAV3hcAgArvCwBAhfcFAKDC+wIAUOF9AQCo8L4AAFR4XwAAKrwvAAAV3hcAgArvCwBAhfcFAKDC+wIAUOF9AQCo8L4AAFR4XwAAKrwvAAAV3hcAgArvCwBAhfcFAKDC+wIAUOF9AQCo8L4AAFR4XwAAKrwvAAAV3hcAgArvCwBAhfcFAKDC+wIAUOF9AQCo8L4AAFR4XwAAKrwvAAAV3hcAgArvCwBAhfcFAKDC+wIAUOF9AQCo8L4AAFR4XwAAKrwvAAAV3hcAgArvCwBAhfcFAKDC+wIAUOF9AQCo8L4AAFR4XwAAKrwvAAAV3hcAgArvCwBAhfcFAKDC+wIAUOF9AQCo8L4AAFR4XwAAKrwvAAAV3hcAgArvCwBAhfcFAKDC+wIAUOF9AQCo8L4AAFR4XwAAKrwvAAAV3hcAgArvCwBAhfcFAKDC+wIAUOF9AQCo8L4AAFR4XwAAKrwvAAAV3hcAgArvCwBAhfcFAKDC+wIAUOF9AQCo8L4AAFR4XwAAKrwvAAAV3hcAgArvCwBAhfcFAKDC+wIAUOF9AQCo8L4AAFR4XwAAKrwvAAAV3hcAgArvCwBAhfcFAKDC+wIAUOF9AQCo8L4AAFR4XwAAKrwvAAAV3hcAgArvCwBAhfcFAKDC+wIAUOF9AQCo8L4AAFR4XwAAKrwvAAAV3hcAgArvCwBAhfcFAKDC+wIAUOF9AQCo8L4AAFR4XwAAKrwvAAAV3hcAgArvCwBAhfcFAKDC+wIAUOF9AQCo8L4AAFR4XwAAKrwvAAAV3hcAgArvCwBAhfcFAKDC+wIAUOF9AQCo8L4AAFR4XwAAKrwvAAAV3hcAgArvCwBAhfcFAKDC+wIAUOF9AQCo8L4AAFR4XwAAKrwvAAAV3hcAgArvCwBAhfcFAKDC+wIAUOF9AQCo8L4AAFR4XwAAKrwvAAAV3hcAgArvCwBAhfcFAKDC+wIAUOF9AQCo8L4AAFR4XwAAKrwvAAAV3hcAgArvCwBAhfcFAKDC+wIAUOF9AQCo8L4AAFR4XwAAKrwvAAAV3hcAgArvCwBAhfcFAKDC+wIAUOF9AQCo8L4AAFR4XwAAKrwvAAAV3hcAgArvCwBAhfcFAKDC+wIAUOF9AQCo8L4AAFR4XwAAKrwvAAAV3hcAgArvCwBAhfcFAKDC+wIAUOF9AQCo8L4AAFR4XwAAKrwvAAAV3hcAgArvCwBAhfcFAKDC+wIAUOF9AQCo8L4AAFR4XwAAKrwvAAAV3hcAgArvCwBAxQX5Qgn76tWWfgAAAABJRU5ErkJggg==' />]]>
    </system-out>
  </testcase> <!-- loginTest -->
  <testcase classname="com.vinsguru.tests.vendorportal.VendorPortalTest" name="logoutTest" time="0.000">
    <skipped/>
  </testcase> <!-- logoutTest -->
  <system-out>
    <![CDATA[<img width=700px src='data:image/png;base64,iVBORw0KGgoAAAANSUhEUgAAA6kAAAN/CAIAAACz2gnWAAAAAXNSR0IArs4c6QAAAANzQklUCAgI2+FP4AAAEShJREFUeJzt1jEBACAMwDDAv+fhAo4mCnp2z8wCAICA8zsAAAAe8b4AAFR4XwAAKrwvAAAV3hcAgArvCwBAhfcFAKDC+wIAUOF9AQCo8L4AAFR4XwAAKrwvAAAV3hcAgArvCwBAhfcFAKDC+wIAUOF9AQCo8L4AAFR4XwAAKrwvAAAV3hcAgArvCwBAhfcFAKDC+wIAUOF9AQCo8L4AAFR4XwAAKrwvAAAV3hcAgArvCwBAhfcFAKDC+wIAUOF9AQCo8L4AAFR4XwAAKrwvAAAV3hcAgArvCwBAhfcFAKDC+wIAUOF9AQCo8L4AAFR4XwAAKrwvAAAV3hcAgArvCwBAhfcFAKDC+wIAUOF9AQCo8L4AAFR4XwAAKrwvAAAV3hcAgArvCwBAhfcFAKDC+wIAUOF9AQCo8L4AAFR4XwAAKrwvAAAV3hcAgArvCwBAhfcFAKDC+wIAUOF9AQCo8L4AAFR4XwAAKrwvAAAV3hcAgArvCwBAhfcFAKDC+wIAUOF9AQCo8L4AAFR4XwAAKrwvAAAV3hcAgArvCwBAhfcFAKDC+wIAUOF9AQCo8L4AAFR4XwAAKrwvAAAV3hcAgArvCwBAhfcFAKDC+wIAUOF9AQCo8L4AAFR4XwAAKrwvAAAV3hcAgArvCwBAhfcFAKDC+wIAUOF9AQCo8L4AAFR4XwAAKrwvAAAV3hcAgArvCwBAhfcFAKDC+wIAUOF9AQCo8L4AAFR4XwAAKrwvAAAV3hcAgArvCwBAhfcFAKDC+wIAUOF9AQCo8L4AAFR4XwAAKrwvAAAV3hcAgArvCwBAhfcFAKDC+wIAUOF9AQCo8L4AAFR4XwAAKrwvAAAV3hcAgArvCwBAhfcFAKDC+wIAUOF9AQCo8L4AAFR4XwAAKrwvAAAV3hcAgArvCwBAhfcFAKDC+wIAUOF9AQCo8L4AAFR4XwAAKrwvAAAV3hcAgArvCwBAhfcFAKDC+wIAUOF9AQCo8L4AAFR4XwAAKrwvAAAV3hcAgArvCwBAhfcFAKDC+wIAUOF9AQCo8L4AAFR4XwAAKrwvAAAV3hcAgArvCwBAhfcFAKDC+wIAUOF9AQCo8L4AAFR4XwAAKrwvAAAV3hcAgArvCwBAhfcFAKDC+wIAUOF9AQCo8L4AAFR4XwAAKrwvAAAV3hcAgArvCwBAhfcFAKDC+wIAUOF9AQCo8L4AAFR4XwAAKrwvAAAV3hcAgArvCwBAhfcFAKDC+wIAUOF9AQCo8L4AAFR4XwAAKrwvAAAV3hcAgArvCwBAhfcFAKDC+wIAUOF9AQCo8L4AAFR4XwAAKrwvAAAV3hcAgArvCwBAhfcFAKDC+wIAUOF9AQCo8L4AAFR4XwAAKrwvAAAV3hcAgArvCwBAhfcFAKDC+wIAUOF9AQCo8L4AAFR4XwAAKrwvAAAV3hcAgArvCwBAhfcFAKDC+wIAUOF9AQCo8L4AAFR4XwAAKrwvAAAV3hcAgArvCwBAhfcFAKDC+wIAUOF9AQCo8L4AAFR4XwAAKrwvAAAV3hcAgArvCwBAhfcFAKDC+wIAUOF9AQCo8L4AAFR4XwAAKrwvAAAV3hcAgArvCwBAhfcFAKDC+wIAUOF9AQCo8L4AAFR4XwAAKrwvAAAV3hcAgArvCwBAhfcFAKDC+wIAUOF9AQCo8L4AAFR4XwAAKrwvAAAV3hcAgArvCwBAhfcFAKDC+wIAUOF9AQCo8L4AAFR4XwAAKrwvAAAV3hcAgArvCwBAhfcFAKDC+wIAUOF9AQCo8L4AAFR4XwAAKrwvAAAV3hcAgArvCwBAhfcFAKDC+wIAUOF9AQCo8L4AAFR4XwAAKrwvAAAV3hcAgArvCwBAhfcFAKDC+wIAUOF9AQCo8L4AAFR4XwAAKrwvAAAV3hcAgArvCwBAhfcFAKDC+wIAUOF9AQCo8L4AAFR4XwAAKrwvAAAV3hcAgArvCwBAhfcFAKDC+wIAUOF9AQCo8L4AAFR4XwAAKrwvAAAV3hcAgArvCwBAhfcFAKDC+wIAUOF9AQCo8L4AAFR4XwAAKrwvAAAV3hcAgArvCwBAhfcFAKDC+wIAUOF9AQCo8L4AAFR4XwAAKrwvAAAV3hcAgArvCwBAhfcFAKDC+wIAUOF9AQCo8L4AAFR4XwAAKrwvAAAV3hcAgArvCwBAhfcFAKDC+wIAUOF9AQCo8L4AAFR4XwAAKrwvAAAV3hcAgArvCwBAhfcFAKDC+wIAUOF9AQCo8L4AAFR4XwAAKrwvAAAV3hcAgArvCwBAhfcFAKDC+wIAUOF9AQCo8L4AAFR4XwAAKrwvAAAV3hcAgArvCwBAhfcFAKDC+wIAUOF9AQCo8L4AAFR4XwAAKrwvAAAV3hcAgArvCwBAhfcFAKDC+wIAUOF9AQCo8L4AAFR4XwAAKrwvAAAV3hcAgArvCwBAhfcFAKDC+wIAUOF9AQCo8L4AAFR4XwAAKrwvAAAV3hcAgArvCwBAhfcFAKDC+wIAUOF9AQCo8L4AAFR4XwAAKrwvAAAV3hcAgArvCwBAhfcFAKDC+wIAUOF9AQCo8L4AAFR4XwAAKrwvAAAV3hcAgArvCwBAhfcFAKDC+wIAUOF9AQCo8L4AAFR4XwAAKrwvAAAV3hcAgArvCwBAhfcFAKDC+wIAUOF9AQCo8L4AAFR4XwAAKrwvAAAV3hcAgArvCwBAhfcFAKDC+wIAUOF9AQCo8L4AAFR4XwAAKrwvAAAV3hcAgArvCwBAhfcFAKDC+wIAUOF9AQCo8L4AAFR4XwAAKrwvAAAV3hcAgArvCwBAhfcFAKDC+wIAUOF9AQCo8L4AAFR4XwAAKrwvAAAV3hcAgArvCwBAhfcFAKDC+wIAUOF9AQCo8L4AAFR4XwAAKrwvAAAV3hcAgArvCwBAhfcFAKDC+wIAUOF9AQCo8L4AAFR4XwAAKrwvAAAV3hcAgArvCwBAhfcFAKDC+wIAUOF9AQCo8L4AAFR4XwAAKrwvAAAV3hcAgArvCwBAhfcFAKDC+wIAUOF9AQCo8L4AAFR4XwAAKrwvAAAV3hcAgArvCwBAhfcFAKDC+wIAUOF9AQCo8L4AAFR4XwAAKrwvAAAV3hcAgArvCwBAhfcFAKDC+wIAUOF9AQCo8L4AAFR4XwAAKrwvAAAV3hcAgArvCwBAhfcFAKDC+wIAUOF9AQCo8L4AAFR4XwAAKrwvAAAV3hcAgArvCwBAhfcFAKDC+wIAUOF9AQCo8L4AAFR4XwAAKrwvAAAV3hcAgArvCwBAhfcFAKDC+wIAUOF9AQCo8L4AAFR4XwAAKrwvAAAV3hcAgArvCwBAhfcFAKDC+wIAUOF9AQCo8L4AAFR4XwAAKrwvAAAV3hcAgArvCwBAhfcFAKDC+wIAUOF9AQCo8L4AAFR4XwAAKrwvAAAV3hcAgArvCwBAhfcFAKDC+wIAUOF9AQCo8L4AAFR4XwAAKrwvAAAV3hcAgArvCwBAhfcFAKDC+wIAUOF9AQCo8L4AAFR4XwAAKrwvAAAV3hcAgArvCwBAhfcFAKDC+wIAUOF9AQCo8L4AAFR4XwAAKrwvAAAV3hcAgArvCwBAhfcFAKDC+wIAUOF9AQCo8L4AAFR4XwAAKrwvAAAV3hcAgArvCwBAhfcFAKDC+wIAUOF9AQCo8L4AAFR4XwAAKrwvAAAV3hcAgArvCwBAhfcFAKDC+wIAUOF9AQCo8L4AAFR4XwAAKrwvAAAV3hcAgArvCwBAhfcFAKDC+wIAUOF9AQCo8L4AAFR4XwAAKrwvAAAV3hcAgArvCwBAhfcFAKDC+wIAUOF9AQCo8L4AAFR4XwAAKrwvAAAV3hcAgArvCwBAhfcFAKDC+wIAUOF9AQCo8L4AAFR4XwAAKrwvAAAV3hcAgArvCwBAhfcFAKDC+wIAUOF9AQCo8L4AAFR4XwAAKrwvAAAV3hcAgArvCwBAhfcFAKDC+wIAUOF9AQCo8L4AAFR4XwAAKrwvAAAV3hcAgArvCwBAhfcFAKDC+wIAUOF9AQCo8L4AAFR4XwAAKrwvAAAV3hcAgArvCwBAhfcFAKDC+wIAUOF9AQCo8L4AAFR4XwAAKrwvAAAV3hcAgArvCwBAhfcFAKDC+wIAUOF9AQCo8L4AAFR4XwAAKrwvAAAV3hcAgArvCwBAhfcFAKDC+wIAUOF9AQCo8L4AAFR4XwAAKrwvAAAV3hcAgArvCwBAhfcFAKDC+wIAUOF9AQCo8L4AAFR4XwAAKrwvAAAV3hcAgArvCwBAhfcFAKDC+wIAUOF9AQCo8L4AAFR4XwAAKrwvAAAV3hcAgArvCwBAhfcFAKDC+wIAUOF9AQCo8L4AAFR4XwAAKrwvAAAV3hcAgArvCwBAhfcFAKDC+wIAUOF9AQCo8L4AAFR4XwAAKrwvAAAV3hcAgArvCwBAhfcFAKDC+wIAUOF9AQCo8L4AAFR4XwAAKrwvAAAV3hcAgArvCwBAhfcFAKDC+wIAUOF9AQCo8L4AAFR4XwAAKrwvAAAV3hcAgArvCwBAhfcFAKDC+wIAUOF9AQCo8L4AAFR4XwAAKrwvAAAV3hcAgArvCwBAhfcFAKDC+wIAUOF9AQCo8L4AAFR4XwAAKrwvAAAV3hcAgArvCwBAhfcFAKDC+wIAUOF9AQCo8L4AAFR4XwAAKrwvAAAV3hcAgArvCwBAhfcFAKDC+wIAUOF9AQCo8L4AAFR4XwAAKrwvAAAV3hcAgArvCwBAhfcFAKDC+wIAUOF9AQCo8L4AAFR4XwAAKrwvAAAV3hcAgArvCwBAhfcFAKDC+wIAUOF9AQCo8L4AAFR4XwAAKrwvAAAV3hcAgArvCwBAhfcFAKDC+wIAUOF9AQCo8L4AAFR4XwAAKrwvAAAV3hcAgArvCwBAhfcFAKDC+wIAUOF9AQCo8L4AAFR4XwAAKrwvAAAV3hcAgArvCwBAhfcFAKDC+wIAUOF9AQCo8L4AAFR4XwAAKrwvAAAV3hcAgArvCwBAhfcFAKDC+wIAUOF9AQCo8L4AAFR4XwAAKrwvAAAV3hcAgArvCwBAhfcFAKDC+wIAUOF9AQCo8L4AAFR4XwAAKrwvAAAV3hcAgArvCwBAhfcFAKDC+wIAUOF9AQCo8L4AAFR4XwAAKrwvAAAV3hcAgArvCwBAhfcFAKDC+wIAUOF9AQCo8L4AAFR4XwAAKrwvAAAV3hcAgArvCwBAhfcFAKDC+wIAUOF9AQCo8L4AAFR4XwAAKrwvAAAV3hcAgArvCwBAhfcFAKDC+wIAUOF9AQCo8L4AAFR4XwAAKrwvAAAV3hcAgArvCwBAhfcFAKDC+wIAUOF9AQCo8L4AAFR4XwAAKrwvAAAV3hcAgArvCwBAhfcFAKDC+wIAUOF9AQCo8L4AAFR4XwAAKrwvAAAV3hcAgArvCwBAhfcFAKDC+wIAUOF9AQCo8L4AAFR4XwAAKrwvAAAV3hcAgArvCwBAhfcFAKDC+wIAUOF9AQCo8L4AAFR4XwAAKrwvAAAV3hcAgArvCwBAhfcFAKDC+wIAUOF9AQCo8L4AAFR4XwAAKrwvAAAV3hcAgArvCwBAhfcFAKDC+wIAUOF9AQCo8L4AAFR4XwAAKrwvAAAV3hcAgArvCwBAhfcFAKDC+wIAUOF9AQCo8L4AAFR4XwAAKrwvAAAV3hcAgArvCwBAhfcFAKDC+wIAUOF9AQCo8L4AAFR4XwAAKrwvAAAV3hcAgArvCwBAhfcFAKDC+wIAUOF9AQCo8L4AAFR4XwAAKrwvAAAV3hcAgArvCwBAhfcFAKDC+wIAUOF9AQCo8L4AAFR4XwAAKrwvAAAV3hcAgArvCwBAhfcFAKDC+wIAUOF9AQCo8L4AAFR4XwAAKrwvAAAV3hcAgArvCwBAxQX5Qgn76tWWfgAAAABJRU5ErkJggg==' />]]>
  </system-out>
</testsuite> <!-- com.vinsguru.tests.vendorportal.VendorPortalTest -->
