<?xml version="1.0" encoding="UTF-8"?>
<!-- Generated by org.testng.reporters.JUnitReportReporter -->
<testsuite hostname="aa067ceabc1d" failures="0" tests="20" name="com.vinsguru.tests.flightreservation.FlightReservationTest" time="172.780" errors="0" timestamp="2025-04-11T09:45:16 GMT" skipped="0">
  <testcase classname="com.vinsguru.tests.flightreservation.FlightReservationTest" name="flightsSearchTest" time="5.400"/>
  <testcase classname="com.vinsguru.tests.flightreservation.FlightReservationTest" name="userRegistrationTest" time="20.279"/>
  <testcase classname="com.vinsguru.tests.flightreservation.FlightReservationTest" name="flightReservationConfirmationTest" time="5.195"/>
  <testcase classname="com.vinsguru.tests.flightreservation.FlightReservationTest" name="flightReservationConfirmationTest" time="5.148"/>
  <testcase classname="com.vinsguru.tests.flightreservation.FlightReservationTest" name="userRegistrationTest" time="20.283"/>
  <testcase classname="com.vinsguru.tests.flightreservation.FlightReservationTest" name="flightSelectionTest" time="5.364"/>
  <testcase classname="com.vinsguru.tests.flightreservation.FlightReservationTest" name="flightsSearchTest" time="5.396"/>
  <testcase classname="com.vinsguru.tests.flightreservation.FlightReservationTest" name="flightReservationConfirmationTest" time="5.191"/>
  <testcase classname="com.vinsguru.tests.flightreservation.FlightReservationTest" name="flightSelectionTest" time="5.464"/>
  <testcase classname="com.vinsguru.tests.flightreservation.FlightReservationTest" name="registrationConfirmationTest" time="5.282"/>
  <testcase classname="com.vinsguru.tests.flightreservation.FlightReservationTest" name="userRegistrationTest" time="26.663"/>
  <testcase classname="com.vinsguru.tests.flightreservation.FlightReservationTest" name="userRegistrationTest" time="20.254"/>
  <testcase classname="com.vinsguru.tests.flightreservation.FlightReservationTest" name="flightsSearchTest" time="5.353"/>
  <testcase classname="com.vinsguru.tests.flightreservation.FlightReservationTest" name="registrationConfirmationTest" time="5.394"/>
  <testcase classname="com.vinsguru.tests.flightreservation.FlightReservationTest" name="registrationConfirmationTest" time="5.285"/>
  <testcase classname="com.vinsguru.tests.flightreservation.FlightReservationTest" name="flightReservationConfirmationTest" time="5.211"/>
  <testcase classname="com.vinsguru.tests.flightreservation.FlightReservationTest" name="registrationConfirmationTest" time="5.278"/>
  <testcase classname="com.vinsguru.tests.flightreservation.FlightReservationTest" name="flightsSearchTest" time="5.412"/>
  <testcase classname="com.vinsguru.tests.flightreservation.FlightReservationTest" name="flightSelectionTest" time="5.463"/>
  <testcase classname="com.vinsguru.tests.flightreservation.FlightReservationTest" name="flightSelectionTest" time="5.465"/>
</testsuite> <!-- com.vinsguru.tests.flightreservation.FlightReservationTest -->
